   Compiling cfg-if v1.0.4
   Compiling libc v0.2.181
    Checking serde_core v1.0.228
   Compiling zerocopy v0.8.39
   Compiling memchr v2.8.0
   Compiling siphasher v1.0.2
   Compiling smallvec v1.15.1
   Compiling itoa v1.0.17
   Compiling zerofrom v0.1.6
   Compiling fnv v1.0.7
    Checking objc2-exception-helper v0.1.1
    Checking objc2-encode v4.1.0
   Compiling writeable v0.6.2
   Compiling yoke v0.8.1
   Compiling phf_shared v0.11.3
   Compiling litemap v0.8.1
   Compiling darling_core v0.21.3
   Compiling zmij v1.0.21
    Checking objc2 v0.6.3
   Compiling zerovec v0.11.5
   Compiling zerotrie v0.2.3
   Compiling getrandom v0.2.17
   Compiling getrandom v0.1.16
   Compiling icu_properties_data v2.1.2
   Compiling icu_normalizer_data v2.1.1
   Compiling serde_json v1.0.149
   Compiling byteorder v1.5.0
    Checking stable_deref_trait v1.2.1
   Compiling rand_core v0.6.4
   Compiling rand_core v0.5.1
   Compiling parking_lot_core v0.9.12
   Compiling num-conv v0.2.0
   Compiling tinystr v0.8.2
   Compiling potential_utf v0.1.4
   Compiling rand_pcg v0.2.1
   Compiling winnow v0.7.14
   Compiling time-core v0.1.8
   Compiling getrandom v0.3.4
   Compiling icu_collections v2.1.1
   Compiling parking_lot v0.12.5
   Compiling toml_datetime v0.7.5+spec-1.1.0
   Compiling serde_spanned v1.0.4
   Compiling icu_locale_core v2.1.1
   Compiling utf8_iter v1.0.4
   Compiling bitflags v1.3.2
   Compiling log v0.4.29
   Compiling toml_writer v1.0.6+spec-1.1.0
   Compiling string_cache v0.8.9
    Checking bitflags v2.10.0
    Checking serde v1.0.228
   Compiling form_urlencoded v1.2.2
   Compiling uuid v1.20.0
    Checking objc2-core-foundation v0.3.2
   Compiling aho-corasick v1.1.4
   Compiling unic-common v0.9.0
   Compiling regex-syntax v0.8.9
   Compiling unic-char-range v0.9.0
   Compiling icu_provider v2.1.1
   Compiling hashbrown v0.16.1
   Compiling equivalent v1.0.2
   Compiling alloc-no-stdlib v2.0.4
   Compiling swift-rs v1.0.7
   Compiling unic-char-property v0.9.0
   Compiling alloc-stdlib v0.2.2
   Compiling icu_normalizer v2.1.1
   Compiling icu_properties v2.1.2
   Compiling unic-ucd-version v0.9.0
    Checking block2 v0.6.2
   Compiling fxhash v0.2.1
   Compiling toml_parser v1.0.8+spec-1.1.0
   Compiling typeid v1.0.3
   Compiling unic-ucd-ident v0.9.0
   Compiling indexmap v2.13.0
   Compiling erased-serde v0.4.9
   Compiling brotli-decompressor v5.0.0
   Compiling toml v0.9.12+spec-1.1.0
   Compiling cfb v0.7.3
   Compiling jsonptr v0.6.3
   Compiling thiserror v1.0.69
   Compiling thiserror v2.0.18
   Compiling dunce v1.0.5
   Compiling ppv-lite86 v0.2.21
   Compiling regex-automata v0.4.14
   Compiling bytes v1.11.1
    Checking core-foundation-sys v0.8.7
   Compiling darling_macro v0.21.3
   Compiling rand_chacha v0.3.1
   Compiling rand_chacha v0.2.2
   Compiling idna_adapter v1.2.1
   Compiling same-file v1.0.6
   Compiling rand v0.8.5
   Compiling rand v0.7.3
   Compiling idna v1.1.0
   Compiling walkdir v2.5.0
   Compiling brotli v8.0.2
   Compiling json-patch v3.0.1
   Compiling darling v0.21.3
   Compiling url v2.5.8
   Compiling http v1.4.0
   Compiling infer v0.19.0
   Compiling cargo_metadata v0.19.2
   Compiling serde-untagged v0.1.9
    Checking objc2-foundation v0.3.2
   Compiling phf_generator v0.11.3
   Compiling serde_with_macros v3.16.1
   Compiling phf_codegen v0.11.3
   Compiling string_cache_codegen v0.5.4
   Compiling phf_generator v0.8.0
   Compiling phf_generator v0.10.0
   Compiling phf_macros v0.11.3
   Compiling phf_codegen v0.8.0
   Compiling schemars v0.8.22
   Compiling phf_macros v0.10.0
   Compiling selectors v0.24.0
   Compiling regex v1.12.3
   Compiling markup5ever v0.14.1
   Compiling anyhow v1.0.101
   Compiling phf v0.11.3
   Compiling urlpattern v0.3.0
   Compiling serde_with v3.16.1
   Compiling phf v0.10.1
   Compiling glob v0.3.3
   Compiling powerfmt v0.2.0
   Compiling deranged v0.5.6
    Checking objc2-core-text v0.3.2
    Checking objc2-core-graphics v0.3.2
    Checking objc2-core-video v0.3.2
   Compiling quick-xml v0.38.4
   Compiling base64 v0.22.1
   Compiling option-ext v0.2.0
    Checking once_cell v1.21.3
   Compiling dirs-sys v0.5.0
   Compiling embed-resource v3.0.6
    Checking percent-encoding v2.3.2
   Compiling tauri-winres v0.3.5
   Compiling time v0.3.47
   Compiling dirs v6.0.0
   Compiling cargo_toml v0.22.3
   Compiling time-macros v0.2.27
   Compiling simd-adler32 v0.3.8
   Compiling cssparser v0.29.6
   Compiling html5ever v0.29.1
   Compiling adler2 v2.0.1
    Checking raw-window-handle v0.6.2
   Compiling plist v1.8.0
    Checking miniz_oxide v0.8.9
   Compiling crc32fast v1.5.0
    Checking dpi v0.1.2
   Compiling kuchikiki v0.8.8-speedreader
   Compiling flate2 v1.1.9
   Compiling tauri-utils v2.8.2
    Checking crossbeam-utils v0.8.21
   Compiling fdeflate v0.3.7
    Checking core-foundation v0.10.1
    Checking objc2-security v0.3.2
    Checking objc2-javascript-core v0.3.2
    Checking foreign-types-shared v0.3.1
    Checking foreign-types v0.5.0
    Checking core-graphics-types v0.2.0
    Checking crossbeam-channel v0.5.15
   Compiling png v0.17.16
    Checking cookie v0.18.1
   Compiling cpufeatures v0.2.17
    Checking dispatch v0.2.0
    Checking semver v1.0.27
   Compiling sha2 v0.10.9
    Checking core-graphics v0.24.0
    Checking core-foundation v0.9.4
   Compiling ico v0.5.0
    Checking scopeguard v1.2.0
    Checking unicode-segmentation v1.12.0
    Checking lazy_static v1.5.0
    Checking core-graphics-types v0.1.3
    Checking malloc_buf v0.0.6
    Checking foreign-types-shared v0.1.1
    Checking keyboard-types v0.7.0
    Checking pin-project-lite v0.2.16
    Checking foreign-types v0.3.2
    Checking tokio v1.49.0
    Checking objc v0.2.7
    Checking serialize-to-javascript v0.1.2
    Checking heck v0.5.0
    Checking embed_plist v1.2.2
    Checking block v0.1.6
    Checking mime v0.3.17
    Checking http-range v0.1.5
    Checking tinyvec_macros v0.1.1
    Checking tinyvec v1.10.0
    Checking cocoa-foundation v0.1.2
    Checking libsqlite3-sys v0.30.1
    Checking num-traits v0.2.19
    Checking core-graphics v0.22.3
    Checking ogg_pager v0.7.1
    Checking iana-time-zone v0.1.65
    Checking dispatch2 v0.3.0
    Checking fallible-iterator v0.3.0
    Checking constant_time_eq v0.4.2
    Checking data-encoding v2.10.0
    Checking fallible-streaming-iterator v0.1.9
    Checking arrayvec v0.7.6
    Checking arrayref v0.3.9
    Checking cocoa v0.24.1
    Checking chrono v0.4.43
    Checking unicode-normalization v0.1.25
    Checking errno v0.3.14
    Checking fastrand v2.3.0
    Checking lofty v0.22.4
    Checking blake3 v1.8.3
    Checking rustix v1.1.3
    Checking tempfile v3.25.0
    Checking souvlaki v0.8.3
    Checking ahash v0.8.12
    Checking hashbrown v0.14.5
    Checking hashlink v0.9.1
    Checking rusqlite v0.32.1
    Checking orchestra-core v0.1.0 (/Users/devin/.conductor/workspaces/orchestra/feat-30-add-macos-now-playing-integration/src-tauri/orchestra-core)
    Checking objc2-core-data v0.3.2
    Checking objc2-core-image v0.3.2
    Checking objc2-cloud-kit v0.3.2
    Checking objc2-quartz-core v0.3.2
    Checking objc2-app-kit v0.3.2
   Compiling tauri-build v2.5.5
   Compiling tauri-plugin v2.5.3
   Compiling tauri-codegen v2.5.4
   Compiling tauri v2.10.2
   Compiling tauri-plugin-fs v2.4.5
   Compiling tauri-macros v2.5.4
   Compiling tauri-plugin-dialog v2.6.0
   Compiling orchestra-app v0.1.0 (/Users/devin/.conductor/workspaces/orchestra/feat-30-add-macos-now-playing-integration/src-tauri)
    Checking objc2-web-kit v0.3.2
    Checking tao v0.34.5
    Checking window-vibrancy v0.6.0
    Checking muda v0.17.1
    Checking rfd v0.16.0
    Checking wry v0.54.1
    Checking tauri-runtime v2.10.0
    Checking tauri-runtime-wry v2.10.0
error: manual implementation of `.is_multiple_of()`
   --> src/commands/library.rs:132:12
    |
132 |         if files_processed % 50 == 0 {
    |            ^^^^^^^^^^^^^^^^^^^^^^^^^ help: replace with: `files_processed.is_multiple_of(50)`
    |
    = help: for further information visit https://rust-lang.github.io/rust-clippy/rust-1.93.0/index.html#manual_is_multiple_of
    = note: `-D clippy::manual-is-multiple-of` implied by `-D warnings`
    = help: to override `-D warnings` add `#[allow(clippy::manual_is_multiple_of)]`

error: this let-binding has unit value
   --> src/commands/library.rs:467:9
    |
467 | /         let _ = on_event(ProgressEvent::ScanProgress {
468 | |             files_found: total,
469 | |             files_processed: i + 1,
470 | |             current_file: dest_path
...   |
476 | |             dirs_completed: 0,
477 | |         });
    | |___________^
    |
    = help: for further information visit https://rust-lang.github.io/rust-clippy/rust-1.93.0/index.html#let_unit_value
    = note: `-D clippy::let-unit-value` implied by `-D warnings`
    = help: to override `-D warnings` add `#[allow(clippy::let_unit_value)]`
help: omit the `let` binding
    |
467 -         let _ = on_event(ProgressEvent::ScanProgress {
467 +         on_event(ProgressEvent::ScanProgress {
    |

error: the variable `files_compared` is used as a loop counter
   --> src/device/sync.rs:117:5
    |
117 |     for norm_key in &all_keys {
    |     ^^^^^^^^^^^^^^^^^^^^^^^^^ help: consider using: `for (files_compared, norm_key) in all_keys.iter().enumerate()`
    |
    = help: for further information visit https://rust-lang.github.io/rust-clippy/rust-1.93.0/index.html#explicit_counter_loop
    = note: `-D clippy::explicit-counter-loop` implied by `-D warnings`
    = help: to override `-D warnings` add `#[allow(clippy::explicit_counter_loop)]`

error: redundant closure
  --> src/media_session.rs:88:58
   |
88 |                         let duration = duration_secs.map(|d| Duration::from_secs_f64(d));
   |                                                          ^^^^^^^^^^^^^^^^^^^^^^^^^^^^^^ help: replace the closure with the associated function itself: `Duration::from_secs_f64`
   |
   = help: for further information visit https://rust-lang.github.io/rust-clippy/rust-1.93.0/index.html#redundant_closure
   = note: `-D clippy::redundant-closure` implied by `-D warnings`
   = help: to override `-D warnings` add `#[allow(clippy::redundant_closure)]`

error: this `if` statement can be collapsed
   --> src/sync/one_way.rs:128:5
    |
128 | /     if dir.is_dir() {
129 | |         if std::fs::read_dir(dir)?.next().is_none() {
130 | |             std::fs::remove_dir(dir)?;
131 | |             if let Some(parent) = dir.parent() {
...   |
135 | |     }
    | |_____^
    |
    = help: for further information visit https://rust-lang.github.io/rust-clippy/rust-1.93.0/index.html#collapsible_if
    = note: `-D clippy::collapsible-if` implied by `-D warnings`
    = help: to override `-D warnings` add `#[allow(clippy::collapsible_if)]`
help: collapse nested if block
    |
128 ~     if dir.is_dir()
129 ~         && std::fs::read_dir(dir)?.next().is_none() {
130 |             std::fs::remove_dir(dir)?;
...
133 |             }
134 ~         }
    |

error: could not compile `orchestra-app` (lib) due to 5 previous errors
warning: build failed, waiting for other jobs to finish...
error: could not compile `orchestra-app` (lib test) due to 5 previous errors
`cargo metadata` exited with an error: error: could not find `Cargo.toml` in `/Users/devin/.conductor/workspaces/orchestra/feat-30-add-macos-now-playing-integration` or any parent directory

This utility formats all bin and lib files of the current crate using rustfmt.

Usage: cargo fmt [OPTIONS] [-- <rustfmt_options>...]

Arguments:
  [rustfmt_options]...  Options passed to rustfmt

Options:
  -q, --quiet
          No output printed to stdout
  -v, --verbose
          Use verbose output
      --version
          Print rustfmt version and exit
  -p, --package <package>...
          Specify package to format
      --manifest-path <manifest-path>
          Specify path to Cargo.toml
      --message-format <message-format>
          Specify message-format: short|json|human
      --all
          Format all packages, and also their local path-based dependencies
      --check
          Run rustfmt in check mode
  -h, --help
          Print help

$ svelte-check --tsconfig ./tsconfig.json
Loading svelte-check in workspace: /Users/devin/.conductor/workspaces/orchestra/feat-30-add-macos-now-playing-integration
Getting Svelte diagnostics...

svelte-check found 0 errors and 0 warnings
<<<CONDUCTOR_OUTPUT>>>
{"markers": ["has_lint_errors"], "context": "Lint errors found"}
<<<END_CONDUCTOR_OUTPUT>>>
