   Compiling cfg-if v1.0.4
   Compiling libc v0.2.181
    Checking serde_core v1.0.228
   Compiling zerocopy v0.8.39
   Compiling memchr v2.8.0
   Compiling siphasher v1.0.2
   Compiling smallvec v1.15.1
   Compiling itoa v1.0.17
   Compiling zerofrom v0.1.6
   Compiling fnv v1.0.7
    Checking objc2-exception-helper v0.1.1
    Checking objc2-encode v4.1.0
   Compiling writeable v0.6.2
   Compiling yoke v0.8.1
   Compiling litemap v0.8.1
   Compiling phf_shared v0.11.3
   Compiling darling_core v0.21.3
    Checking objc2 v0.6.3
   Compiling zmij v1.0.21
   Compiling zerovec v0.11.5
   Compiling zerotrie v0.2.3
   Compiling icu_properties_data v2.1.2
   Compiling icu_normalizer_data v2.1.1
    Checking stable_deref_trait v1.2.1
   Compiling byteorder v1.5.0
   Compiling serde_json v1.0.149
   Compiling num-conv v0.2.0
   Compiling winnow v0.7.14
   Compiling time-core v0.1.8
   Compiling toml_datetime v0.7.5+spec-1.1.0
   Compiling serde_spanned v1.0.4
   Compiling toml_writer v1.0.6+spec-1.1.0
   Compiling log v0.4.29
   Compiling bitflags v1.3.2
   Compiling utf8_iter v1.0.4
   Compiling form_urlencoded v1.2.2
   Compiling getrandom v0.2.17
   Compiling getrandom v0.1.16
   Compiling parking_lot_core v0.9.12
   Compiling rand_core v0.6.4
   Compiling rand_core v0.5.1
   Compiling parking_lot v0.12.5
   Compiling tinystr v0.8.2
   Compiling potential_utf v0.1.4
   Compiling rand_pcg v0.2.1
   Compiling getrandom v0.3.4
   Compiling icu_collections v2.1.1
   Compiling aho-corasick v1.1.4
   Compiling icu_locale_core v2.1.1
   Compiling uuid v1.20.0
   Compiling string_cache v0.8.9
   Compiling unic-char-range v0.9.0
   Compiling unic-common v0.9.0
   Compiling regex-syntax v0.8.9
   Compiling hashbrown v0.16.1
   Compiling alloc-no-stdlib v2.0.4
   Compiling equivalent v1.0.2
   Compiling alloc-stdlib v0.2.2
   Compiling unic-ucd-version v0.9.0
   Compiling unic-char-property v0.9.0
   Compiling fxhash v0.2.1
   Compiling typeid v1.0.3
   Compiling unic-ucd-ident v0.9.0
   Compiling erased-serde v0.4.9
    Checking block2 v0.6.2
   Compiling brotli-decompressor v5.0.0
   Compiling cfb v0.7.3
   Compiling jsonptr v0.6.3
   Compiling swift-rs v1.0.7
   Compiling indexmap v2.13.0
   Compiling icu_provider v2.1.1
   Compiling icu_normalizer v2.1.1
   Compiling icu_properties v2.1.2
   Compiling thiserror v1.0.69
   Compiling thiserror v2.0.18
    Checking bitflags v2.10.0
    Checking serde v1.0.228
    Checking objc2-core-foundation v0.3.2
   Compiling dunce v1.0.5
    Checking core-foundation-sys v0.8.7
   Compiling same-file v1.0.6
   Compiling toml_parser v1.0.8+spec-1.1.0
   Compiling bytes v1.11.1
   Compiling walkdir v2.5.0
   Compiling cargo_metadata v0.19.2
   Compiling brotli v8.0.2
   Compiling json-patch v3.0.1
   Compiling infer v0.19.0
   Compiling serde-untagged v0.1.9
   Compiling darling_macro v0.21.3
   Compiling toml v0.9.12+spec-1.1.0
   Compiling anyhow v1.0.101
   Compiling http v1.4.0
   Compiling darling v0.21.3
   Compiling glob v0.3.3
   Compiling idna_adapter v1.2.1
   Compiling serde_with_macros v3.16.1
   Compiling idna v1.1.0
   Compiling powerfmt v0.2.0
   Compiling deranged v0.5.6
   Compiling url v2.5.8
    Checking objc2-foundation v0.3.2
   Compiling regex-automata v0.4.14
   Compiling schemars v0.8.22
   Compiling serde_with v3.16.1
    Checking objc2-core-text v0.3.2
    Checking objc2-core-video v0.3.2
    Checking objc2-core-graphics v0.3.2
   Compiling quick-xml v0.38.4
   Compiling base64 v0.22.1
   Compiling option-ext v0.2.0
    Checking once_cell v1.21.3
   Compiling dirs-sys v0.5.0
   Compiling embed-resource v3.0.6
   Compiling heck v0.5.0
   Compiling time v0.3.47
    Checking percent-encoding v2.3.2
   Compiling tauri-winres v0.3.5
   Compiling dirs v6.0.0
   Compiling ppv-lite86 v0.2.21
   Compiling cargo_toml v0.22.3
   Compiling time-macros v0.2.27
   Compiling rand_chacha v0.3.1
   Compiling rand_chacha v0.2.2
   Compiling rand v0.8.5
   Compiling rand v0.7.3
   Compiling simd-adler32 v0.3.8
   Compiling phf_generator v0.11.3
   Compiling phf_generator v0.10.0
   Compiling phf_generator v0.8.0
   Compiling phf_macros v0.10.0
   Compiling string_cache_codegen v0.5.4
   Compiling phf_codegen v0.11.3
   Compiling phf_macros v0.11.3
   Compiling phf_codegen v0.8.0
   Compiling selectors v0.24.0
   Compiling regex v1.12.3
   Compiling markup5ever v0.14.1
   Compiling urlpattern v0.3.0
   Compiling plist v1.8.0
   Compiling phf v0.11.3
   Compiling phf v0.10.1
   Compiling adler2 v2.0.1
    Checking raw-window-handle v0.6.2
    Checking miniz_oxide v0.8.9
   Compiling crc32fast v1.5.0
   Compiling cssparser v0.29.6
    Checking dpi v0.1.2
    Checking flate2 v1.1.9
    Checking crossbeam-utils v0.8.21
   Compiling fdeflate v0.3.7
    Checking objc2-security v0.3.2
    Checking core-foundation v0.10.1
    Checking objc2-javascript-core v0.3.2
    Checking foreign-types-shared v0.3.1
    Checking foreign-types v0.5.0
    Checking core-graphics-types v0.2.0
    Checking crossbeam-channel v0.5.15
   Compiling png v0.17.16
    Checking cookie v0.18.1
   Compiling cpufeatures v0.2.17
    Checking dispatch v0.2.0
    Checking semver v1.0.27
   Compiling sha2 v0.10.9
    Checking core-graphics v0.24.0
   Compiling html5ever v0.29.1
    Checking core-foundation v0.9.4
    Checking unicode-segmentation v1.12.0
   Compiling ico v0.5.0
    Checking lazy_static v1.5.0
    Checking scopeguard v1.2.0
    Checking keyboard-types v0.7.0
    Checking core-graphics-types v0.1.3
    Checking malloc_buf v0.0.6
    Checking pin-project-lite v0.2.16
    Checking foreign-types-shared v0.1.1
    Checking tokio v1.49.0
    Checking foreign-types v0.3.2
    Checking serialize-to-javascript v0.1.2
    Checking objc v0.2.7
   Compiling kuchikiki v0.8.8-speedreader
    Checking block v0.1.6
    Checking tinyvec_macros v0.1.1
    Checking http-range v0.1.5
    Checking embed_plist v1.2.2
    Checking mime v0.3.17
   Compiling tauri-utils v2.8.2
    Checking cocoa-foundation v0.1.2
    Checking tinyvec v1.10.0
    Checking libsqlite3-sys v0.30.1
    Checking num-traits v0.2.19
    Checking core-graphics v0.22.3
    Checking ogg_pager v0.7.1
    Checking iana-time-zone v0.1.65
    Checking dispatch2 v0.3.0
    Checking constant_time_eq v0.4.2
    Checking data-encoding v2.10.0
    Checking arrayvec v0.7.6
    Checking fallible-iterator v0.3.0
    Checking fallible-streaming-iterator v0.1.9
    Checking arrayref v0.3.9
    Checking lofty v0.22.4
    Checking cocoa v0.24.1
    Checking blake3 v1.8.3
    Checking chrono v0.4.43
    Checking unicode-normalization v0.1.25
    Checking errno v0.3.14
    Checking rustix v1.1.3
    Checking fastrand v2.3.0
    Checking tempfile v3.25.0
    Checking souvlaki v0.8.3
    Checking ahash v0.8.12
    Checking hashbrown v0.14.5
    Checking hashlink v0.9.1
    Checking rusqlite v0.32.1
    Checking orchestra-core v0.1.0 (/Users/devin/.conductor/workspaces/orchestra/feat-33-blocking-file-i-o-src-tauri-src/src-tauri/orchestra-core)
   Compiling tauri-build v2.5.5
   Compiling tauri-plugin v2.5.3
   Compiling tauri-codegen v2.5.4
    Checking objc2-core-image v0.3.2
    Checking objc2-core-data v0.3.2
    Checking objc2-quartz-core v0.3.2
    Checking objc2-cloud-kit v0.3.2
    Checking objc2-app-kit v0.3.2
   Compiling tauri v2.10.2
   Compiling tauri-plugin-fs v2.4.5
   Compiling tauri-plugin-dialog v2.6.0
   Compiling tauri-macros v2.5.4
   Compiling orchestra-app v0.1.0 (/Users/devin/.conductor/workspaces/orchestra/feat-33-blocking-file-i-o-src-tauri-src/src-tauri)
    Checking objc2-web-kit v0.3.2
    Checking tao v0.34.5
    Checking muda v0.17.1
    Checking window-vibrancy v0.6.0
    Checking rfd v0.16.0
    Checking tauri-runtime v2.10.0
    Checking wry v0.54.1
    Checking tauri-runtime-wry v2.10.0
error: unnecessary map of the identity function
  --> src/commands/media_cmd.rs:47:101
   |
47 |           .map_err(|e| AppError::General(format!("update_now_playing: path check task failed: {e}")))?
   |  _____________________________________________________________________________________________________^
48 | |         .map_err(|e| e)?;
   | |_______________________^ help: remove the call to `map_err`
   |
   = help: for further information visit https://rust-lang.github.io/rust-clippy/rust-1.93.0/index.html#map_identity
   = note: `-D clippy::map-identity` implied by `-D warnings`
   = help: to override `-D warnings` add `#[allow(clippy::map_identity)]`

error: could not compile `orchestra-app` (lib) due to 1 previous error
warning: build failed, waiting for other jobs to finish...
error: could not compile `orchestra-app` (lib test) due to 1 previous error
$ svelte-check --tsconfig ./tsconfig.json
Loading svelte-check in workspace: /Users/devin/.conductor/workspaces/orchestra/feat-33-blocking-file-i-o-src-tauri-src
Getting Svelte diagnostics...

svelte-check found 0 errors and 0 warnings
<<<CONDUCTOR_OUTPUT>>>
{"markers": ["has_lint_errors"], "context": "Lint errors found"}
<<<END_CONDUCTOR_OUTPUT>>>
