   Compiling proc-macro2 v1.0.106
   Compiling unicode-ident v1.0.23
   Compiling quote v1.0.44
   Compiling libc v0.2.181
   Compiling cfg-if v1.0.4
   Compiling serde_core v1.0.228
   Compiling zerocopy v0.8.39
   Compiling find-msvc-tools v0.1.9
   Compiling shlex v1.3.0
   Compiling icu_normalizer_data v2.1.1
   Compiling icu_properties_data v2.1.2
   Compiling zmij v1.0.21
   Compiling serde v1.0.228
   Compiling cc v1.2.55
   Compiling stable_deref_trait v1.2.1
   Compiling memchr v2.8.0
   Compiling siphasher v1.0.2
   Compiling getrandom v0.3.4
   Compiling phf_shared v0.11.3
   Compiling itoa v1.0.17
   Compiling smallvec v1.15.1
   Compiling siphasher v0.3.11
   Compiling getrandom v0.1.16
   Compiling fnv v1.0.7
   Compiling objc2 v0.6.3
   Compiling objc2-exception-helper v0.1.1
    Checking objc2-encode v4.1.0
   Compiling thiserror v2.0.18
   Compiling typeid v1.0.3
    Checking bitflags v2.10.0
   Compiling syn v2.0.115
   Compiling writeable v0.6.2
   Compiling autocfg v1.5.0
   Compiling litemap v0.8.1
   Compiling ident_case v1.0.1
   Compiling serde_json v1.0.149
   Compiling getrandom v0.2.17
   Compiling strsim v0.11.1
   Compiling syn v1.0.109
   Compiling rand_core v0.6.4
   Compiling version_check v0.9.5
   Compiling erased-serde v0.4.9
   Compiling thiserror v1.0.69
   Compiling phf_shared v0.8.0
   Compiling proc-macro-hack v0.5.20+deprecated
   Compiling parking_lot_core v0.9.12
   Compiling rand_core v0.5.1
   Compiling rand_pcg v0.2.1
   Compiling phf_shared v0.10.0
   Compiling anyhow v1.0.101
   Compiling new_debug_unreachable v1.0.6
   Compiling byteorder v1.5.0
   Compiling scopeguard v1.2.0
   Compiling lock_api v0.4.14
   Compiling winnow v0.7.14
   Compiling mac v0.1.1
   Compiling num-conv v0.2.0
   Compiling synstructure v0.13.2
   Compiling darling_core v0.21.3
   Compiling ppv-lite86 v0.2.21
   Compiling precomputed-hash v0.1.1
   Compiling time-core v0.1.8
   Compiling rand_chacha v0.3.1
   Compiling rand_chacha v0.2.2
   Compiling rand v0.7.3
   Compiling rand v0.8.5
   Compiling toml_parser v1.0.8+spec-1.1.0
   Compiling futf v0.1.5
   Compiling phf_generator v0.11.3
   Compiling zerofrom-derive v0.1.6
   Compiling serde_derive v1.0.228
   Compiling yoke-derive v0.8.1
   Compiling zerovec-derive v0.11.2
   Compiling displaydoc v0.2.5
   Compiling thiserror-impl v2.0.18
   Compiling phf_macros v0.11.3
   Compiling thiserror-impl v1.0.69
   Compiling string_cache_codegen v0.5.4
   Compiling darling_macro v0.21.3
   Compiling phf_codegen v0.11.3
   Compiling phf_generator v0.10.0
   Compiling phf_generator v0.8.0
   Compiling toml_datetime v0.7.5+spec-1.1.0
   Compiling semver v1.0.27
   Compiling markup5ever v0.14.1
   Compiling darling v0.21.3
   Compiling zerofrom v0.1.6
    Checking objc2-core-foundation v0.3.2
   Compiling phf_codegen v0.8.0
   Compiling parking_lot v0.12.5
   Compiling serde_spanned v1.0.4
   Compiling dtoa v1.0.11
   Compiling utf8_iter v1.0.4
   Compiling toml_writer v1.0.6+spec-1.1.0
   Compiling percent-encoding v2.3.2
   Compiling bitflags v1.3.2
   Compiling log v0.4.29
   Compiling utf-8 v0.7.6
   Compiling toml v0.9.12+spec-1.1.0
   Compiling form_urlencoded v1.2.2
   Compiling tendril v0.4.3
   Compiling serde_with_macros v3.16.1
   Compiling dtoa-short v0.3.5
   Compiling uuid v1.20.0
   Compiling selectors v0.24.0
   Compiling phf v0.11.3
   Compiling cssparser-macros v0.6.1
   Compiling yoke v0.8.1
   Compiling ctor v0.2.9
   Compiling indexmap v1.9.3
   Compiling aho-corasick v1.1.4
   Compiling alloc-no-stdlib v2.0.4
   Compiling convert_case v0.4.0
   Compiling regex-syntax v0.8.9
   Compiling unic-common v0.9.0
   Compiling hashbrown v0.16.1
   Compiling camino v1.2.2
   Compiling matches v0.1.10
   Compiling phf_macros v0.10.0
   Compiling cssparser v0.29.6
   Compiling equivalent v1.0.2
   Compiling nodrop v0.1.14
   Compiling unic-char-range v0.9.0
   Compiling servo_arc v0.2.0
   Compiling unic-char-property v0.9.0
   Compiling derive_more v0.99.20
   Compiling unic-ucd-version v0.9.0
   Compiling indexmap v2.13.0
   Compiling alloc-stdlib v0.2.2
    Checking zerovec v0.11.5
   Compiling zerotrie v0.2.3
   Compiling phf v0.10.1
   Compiling regex-automata v0.4.14
    Checking block2 v0.6.2
   Compiling string_cache v0.8.9
   Compiling swift-rs v1.0.7
   Compiling match_token v0.1.0
   Compiling serde_derive_internals v0.29.1
   Compiling fxhash v0.2.1
   Compiling tinystr v0.8.2
   Compiling potential_utf v0.1.4
   Compiling icu_locale_core v2.1.1
   Compiling icu_collections v2.1.1
   Compiling phf v0.8.0
   Compiling schemars v0.8.22
   Compiling hashbrown v0.12.3
   Compiling html5ever v0.29.1
   Compiling jsonptr v0.6.3
   Compiling cargo-platform v0.1.9
   Compiling schemars_derive v0.8.22
   Compiling icu_provider v2.1.1
   Compiling regex v1.12.3
   Compiling icu_properties v2.1.2
   Compiling icu_normalizer v2.1.1
   Compiling brotli-decompressor v5.0.0
   Compiling unic-ucd-ident v0.9.0
   Compiling cfb v0.7.3
    Checking core-foundation-sys v0.8.7
   Compiling same-file v1.0.6
   Compiling dyn-clone v1.0.20
   Compiling dunce v1.0.5
   Compiling idna_adapter v1.2.1
   Compiling base64 v0.21.7
   Compiling bytes v1.11.1
   Compiling idna v1.1.0
   Compiling brotli v8.0.2
   Compiling walkdir v2.5.0
   Compiling infer v0.19.0
   Compiling serde-untagged v0.1.9
   Compiling url v2.5.8
   Compiling http v1.4.0
    Checking objc2-foundation v0.3.2
   Compiling serde_with v3.16.1
   Compiling glob v0.3.3
   Compiling urlpattern v0.3.0
   Compiling crc32fast v1.5.0
   Compiling json-patch v3.0.1
   Compiling powerfmt v0.2.0
   Compiling deranged v0.5.6
    Checking objc2-core-text v0.3.2
    Checking objc2-core-video v0.3.2
    Checking objc2-core-graphics v0.3.2
   Compiling rustc_version v0.4.1
   Compiling cargo_metadata v0.19.2
   Compiling quick-xml v0.38.4
   Compiling base64 v0.22.1
   Compiling typenum v1.19.0
   Compiling time v0.3.47
    Checking once_cell v1.21.3
   Compiling option-ext v0.2.0
   Compiling dirs-sys v0.5.0
   Compiling embed-resource v3.0.6
   Compiling generic-array v0.14.7
   Compiling heck v0.5.0
   Compiling tauri-winres v0.3.5
   Compiling dirs v6.0.0
   Compiling cargo_toml v0.22.3
   Compiling plist v1.8.0
   Compiling time-macros v0.2.27
   Compiling simd-adler32 v0.3.8
    Checking adler2 v2.0.1
    Checking raw-window-handle v0.6.2
   Compiling crossbeam-utils v0.8.21
   Compiling miniz_oxide v0.8.9
    Checking dpi v0.1.2
   Compiling cookie v0.18.1
    Checking flate2 v1.1.9
   Compiling kuchikiki v0.8.8-speedreader
   Compiling tauri-utils v2.8.2
   Compiling crypto-common v0.1.7
   Compiling block-buffer v0.10.4
   Compiling fdeflate v0.3.7
    Checking core-foundation v0.10.1
    Checking objc2-security v0.3.2
    Checking objc2-javascript-core v0.3.2
   Compiling foreign-types-macros v0.2.3
    Checking foreign-types-shared v0.3.1
    Checking core-graphics-types v0.2.0
   Compiling png v0.17.16
    Checking foreign-types v0.5.0
   Compiling digest v0.10.7
    Checking crossbeam-channel v0.5.15
   Compiling ahash v0.8.12
   Compiling cpufeatures v0.2.17
    Checking dispatch v0.2.0
   Compiling wry v0.54.1
   Compiling tauri-runtime v2.10.0
   Compiling sha2 v0.10.9
   Compiling ico v0.5.0
    Checking core-graphics v0.24.0
    Checking core-foundation v0.9.4
    Checking lazy_static v1.5.0
    Checking unicode-segmentation v1.12.0
   Compiling tauri-runtime-wry v2.10.0
   Compiling vcpkg v0.2.15
   Compiling pkg-config v0.3.32
    Checking keyboard-types v0.7.0
    Checking core-graphics-types v0.1.3
   Compiling serialize-to-javascript-impl v0.1.2
    Checking malloc_buf v0.0.6
   Compiling num-traits v0.2.19
   Compiling libsqlite3-sys v0.30.1
   Compiling paste v1.0.15
    Checking pin-project-lite v0.2.16
    Checking foreign-types-shared v0.1.1
    Checking foreign-types v0.3.2
    Checking tokio v1.49.0
    Checking serialize-to-javascript v0.1.2
    Checking objc v0.2.7
   Compiling serde_repr v0.1.20
   Compiling blake3 v1.8.3
    Checking tinyvec_macros v0.1.1
    Checking block v0.1.6
    Checking mime v0.3.17
    Checking embed_plist v1.2.2
   Compiling rfd v0.16.0
    Checking http-range v0.1.5
    Checking cocoa-foundation v0.1.2
    Checking tinyvec v1.10.0
    Checking core-graphics v0.22.3
    Checking ogg_pager v0.7.1
    Checking iana-time-zone v0.1.65
    Checking dispatch2 v0.3.0
   Compiling lofty_attr v0.11.1
   Compiling souvlaki v0.8.3
    Checking constant_time_eq v0.4.2
    Checking arrayvec v0.7.6
    Checking data-encoding v2.10.0
    Checking arrayref v0.3.9
    Checking fallible-streaming-iterator v0.1.9
    Checking fallible-iterator v0.3.0
    Checking chrono v0.4.43
    Checking unicode-normalization v0.1.25
    Checking cocoa v0.24.1
   Compiling rustix v1.1.3
    Checking lofty v0.22.4
    Checking errno v0.3.14
    Checking fastrand v2.3.0
    Checking tempfile v3.25.0
    Checking hashbrown v0.14.5
    Checking hashlink v0.9.1
    Checking rusqlite v0.32.1
    Checking objc2-quartz-core v0.3.2
    Checking objc2-core-data v0.3.2
    Checking objc2-cloud-kit v0.3.2
    Checking objc2-core-image v0.3.2
    Checking objc2-app-kit v0.3.2
    Checking orchestra-core v0.1.0 (/Users/devin/.conductor/workspaces/orchestra/feat-36-unhandled-play-promise-in-media/src-tauri/orchestra-core)
   Compiling tauri-build v2.5.5
   Compiling tauri-plugin v2.5.3
   Compiling tauri-codegen v2.5.4
   Compiling tauri v2.10.2
   Compiling tauri-plugin-fs v2.4.5
   Compiling tauri-macros v2.5.4
   Compiling tauri-plugin-dialog v2.6.0
   Compiling orchestra-app v0.1.0 (/Users/devin/.conductor/workspaces/orchestra/feat-36-unhandled-play-promise-in-media/src-tauri)
    Checking objc2-web-kit v0.3.2
    Checking tao v0.34.5
    Checking muda v0.17.1
    Checking window-vibrancy v0.6.0
    Finished `dev` profile [unoptimized + debuginfo] target(s) in 33.81s
$ svelte-check --tsconfig ./tsconfig.json
Loading svelte-check in workspace: /Users/devin/.conductor/workspaces/orchestra/feat-36-unhandled-play-promise-in-media
Getting Svelte diagnostics...

svelte-check found 0 errors and 0 warnings
<<<CONDUCTOR_OUTPUT>>>
{"markers": [], "context": "All lint checks passed"}
<<<END_CONDUCTOR_OUTPUT>>>
