[feat/30-add-macos-now-playing-integration 16df4b9] style: cargo fmt
 34 files changed, 629 insertions(+), 6 deletions(-)
 create mode 100644 .conductor.db
 create mode 100644 script-01KMZVW5G1HDBC4PT3B6RCV4WA.out
 create mode 100644 script-01KMZW1F2QEZR5M0M9F033VM4X.out
 create mode 100644 script-01KMZW2KCJJYVZ8JQ58W210CTA.out
 create mode 100644 script-01KMZXD6CZ3C92YJTS48876DSG.out
 create mode 100644 script-01KMZXE1AQZ6W40941TJ4TW7NH.out
 create mode 100644 script-01KMZXF5EAWZPEDM3245X46EQF.out
 create mode 100644 script-01KMZXMHD5EA2BFW23JT0X6HPG.out
 create mode 100644 script-01KMZXMKK0AD62PEKP5RAXYB9V.out
 create mode 100644 script-01KMZXMKZNWDJ71DBDYMB0E8ZT.out
 create mode 100644 script-01KMZY2HCZJ7QSYX1E3AZ5TGGJ.out
 create mode 100644 script-01KMZY4A26RE2JVTCP7569V3TB.out
 create mode 100644 script-01KMZY4DQ2V0574Y9E33C7KZ3P.out
 create mode 100644 script-01KMZY4F3VMC75WWNMD4JYVEJH.out
 create mode 100644 script-01KMZY4FA9NXHJ5G22T5M3K7V6.out
 create mode 100644 script-01KMZYA6FV9KSY5PQHY6ZRHC8Z.out
 create mode 100644 script-01KMZYKAG8DKQRC9QAYNBFJ02P.out
 create mode 100644 script-01KMZYM3R1P021128ZC4BE0F3E.out
 create mode 100644 script-01KMZYN4YVJ1EBSW67JKJ4KEZ1.out
 create mode 100644 script-01KMZYNKR6FF0A71V38DRKN1WE.out
 create mode 100644 script-01KMZYNMYW8SCPDRE365TNFXH6.out
 create mode 100644 script-01KMZYNN57HB42VMD52ZX78BTV.out
 create mode 100644 script-01KMZYXZD5VN5PKNZ9N0538397.out
 create mode 100644 script-01KMZZ77TNB10XB06SAM08QEM7.out
 create mode 100644 script-01KMZZ7ESVSGSQNFZZBF5PWAGB.out
 create mode 100644 script-01KMZZ7F6H9R2S14EGA8CN4VKT.out
 create mode 100644 script-01KMZZH5NADR5NYKN0M4Q393WF.out
 create mode 100644 script-01KMZZW7K033ZWM542VD0TDM2V.out
 create mode 100644 script-01KMZZWPXW98MX5YGVZXFJN2KQ.out
 create mode 100644 script-01KMZZWQXVBF6K1H95PRCWN9MQ.out
 create mode 100644 script-01KMZZWR4AV93523PNEV81SVCM.out
 create mode 100644 script-01KN0045BESF1NEXN6S54TCC3F.out
 create mode 100644 script-01KN006ZNCNJE911EHVGZC4H9S.out
